c:\users\masa_\source\repos\livelib\livelib\debug\vc141.pdb
c:\users\masa_\source\repos\livelib\livelib\debug\vc141.idb
c:\users\masa_\source\repos\livelib\livelib\debug\livelib.obj
c:\users\masa_\source\repos\livelib\livelib\debug\main.obj
c:\users\masa_\source\repos\livelib\livelib\debug\biginteger.obj
c:\users\masa_\source\repos\livelib\debug\livelib.pdb
c:\users\masa_\source\repos\livelib\livelib\debug\livelib.tlog\cl.command.1.tlog
c:\users\masa_\source\repos\livelib\livelib\debug\livelib.tlog\cl.read.1.tlog
c:\users\masa_\source\repos\livelib\livelib\debug\livelib.tlog\cl.write.1.tlog
c:\users\masa_\source\repos\livelib\livelib\debug\livelib.tlog\link-cvtres.read.1.tlog
c:\users\masa_\source\repos\livelib\livelib\debug\livelib.tlog\link-cvtres.write.1.tlog
c:\users\masa_\source\repos\livelib\livelib\debug\livelib.tlog\link-rc.read.1.tlog
c:\users\masa_\source\repos\livelib\livelib\debug\livelib.tlog\link-rc.write.1.tlog
c:\users\masa_\source\repos\livelib\livelib\debug\livelib.tlog\link.1540-cvtres.read.1.tlog
c:\users\masa_\source\repos\livelib\livelib\debug\livelib.tlog\link.1540-cvtres.write.1.tlog
c:\users\masa_\source\repos\livelib\livelib\debug\livelib.tlog\link.1540-rc.read.1.tlog
c:\users\masa_\source\repos\livelib\livelib\debug\livelib.tlog\link.1540-rc.write.1.tlog
c:\users\masa_\source\repos\livelib\livelib\debug\livelib.tlog\link.1540.read.1.tlog
c:\users\masa_\source\repos\livelib\livelib\debug\livelib.tlog\link.1540.write.1.tlog
c:\users\masa_\source\repos\livelib\livelib\debug\livelib.tlog\link.command.1.tlog
c:\users\masa_\source\repos\livelib\livelib\debug\livelib.tlog\link.read.1.tlog
c:\users\masa_\source\repos\livelib\livelib\debug\livelib.tlog\link.write.1.tlog
