c:\users\masa_\source\repos\livelib\livelib\x64\release\vc141.pdb
c:\users\masa_\source\repos\livelib\livelib\x64\release\size_util.obj
c:\users\masa_\source\repos\livelib\livelib\x64\release\numbersystemconverter.obj
c:\users\masa_\source\repos\livelib\livelib\x64\release\main.obj
c:\users\masa_\source\repos\livelib\livelib\x64\release\longnumber.obj
c:\users\masa_\source\repos\livelib\livelib\x64\release\livelib.obj
c:\users\masa_\source\repos\livelib\livelib\x64\release\biginteger.obj
c:\users\masa_\source\repos\livelib\livelib\x64\release\array_util.obj
c:\users\masa_\source\repos\livelib\livelib\x64\release\bit_stream.obj
c:\users\masa_\source\repos\livelib\x64\release\livelib.exe
c:\users\masa_\source\repos\livelib\x64\release\livelib.pdb
c:\users\masa_\source\repos\livelib\x64\release\livelib.ipdb
c:\users\masa_\source\repos\livelib\x64\release\livelib.iobj
c:\users\masa_\source\repos\livelib\livelib\x64\release\livelib.tlog\cl.command.1.tlog
c:\users\masa_\source\repos\livelib\livelib\x64\release\livelib.tlog\cl.read.1.tlog
c:\users\masa_\source\repos\livelib\livelib\x64\release\livelib.tlog\cl.write.1.tlog
c:\users\masa_\source\repos\livelib\livelib\x64\release\livelib.tlog\link.command.1.tlog
c:\users\masa_\source\repos\livelib\livelib\x64\release\livelib.tlog\link.read.1.tlog
c:\users\masa_\source\repos\livelib\livelib\x64\release\livelib.tlog\link.write.1.tlog
c:\users\masa_\source\repos\livelib\livelib\x64\release\livelib.tlog\livelib.write.1u.tlog
